[01:14:06] [ServerMain/INFO]: Environment: authHost='https://authserver.mojang.com', accountsHost='https://api.mojang.com', sessionHost='https://sessionserver.mojang.com', servicesHost='https://api.minecraftservices.com', name='PROD'
[01:14:10] [ServerMain/INFO]: Loaded 7 recipes
[01:14:10] [ServerMain/INFO]: Loaded 1633 advancements
[01:14:11] [Server thread/INFO]: Starting minecraft server version 1.20.1
[01:14:11] [Server thread/INFO]: Loading properties
[01:14:11] [Server thread/INFO]: Default game type: SURVIVAL
[01:14:11] [Server thread/INFO]: Generating keypair
[01:14:11] [Server thread/INFO]: Starting Minecraft server on *:25565
[01:14:11] [Server thread/INFO]: Using epoll channel type
[01:14:11] [Server thread/WARN]: **** SERVER IS RUNNING IN OFFLINE/INSECURE MODE!
[01:14:11] [Server thread/WARN]: The server will make no attempt to authenticate usernames. Beware.
[01:14:11] [Server thread/WARN]: While this makes the game possible to play without internet access, it also opens up the ability for hackers to connect with any username they choose.
[01:14:11] [Server thread/WARN]: To change this, set "online-mode" to "true" in the server.properties file.
[01:14:11] [Server thread/INFO]: Preparing level "world"
[01:14:12] [Server thread/INFO]: Preparing start region for dimension minecraft:overworld
[01:14:16] [Worker-Main-1/INFO]: Preparing spawn area: 0%
[01:14:16] [Worker-Main-1/INFO]: Preparing spawn area: 0%
[01:14:16] [Worker-Main-1/INFO]: Preparing spawn area: 0%
[01:14:16] [Worker-Main-2/INFO]: Preparing spawn area: 0%
[01:14:16] [Worker-Main-1/INFO]: Preparing spawn area: 0%
[01:14:16] [Worker-Main-1/INFO]: Preparing spawn area: 0%
[01:14:16] [Worker-Main-3/INFO]: Preparing spawn area: 0%
[01:14:16] [Worker-Main-3/INFO]: Preparing spawn area: 0%
[01:14:16] [Worker-Main-3/INFO]: Preparing spawn area: 0%
[01:14:16] [Worker-Main-3/INFO]: Preparing spawn area: 0%
[01:14:17] [Worker-Main-3/INFO]: Preparing spawn area: 0%
[01:14:17] [Worker-Main-3/INFO]: Preparing spawn area: 21%
[01:14:18] [Worker-Main-3/INFO]: Preparing spawn area: 76%
[01:14:18] [Server thread/INFO]: Time elapsed: 6412 ms
[01:14:18] [Server thread/INFO]: Done (6.566s)! For help, type "help"
[01:14:21] [Server thread/WARN]: Can't keep up! Is the server overloaded? Running 2571ms or 51 ticks behind
[01:14:21] [Server thread/WARN]: UUID of added entity already exists: bga['Marker'/39, l='ServerLevel[world]', x=29999999.50, y=100.00, z=27115050.50]
[01:14:21] [Server thread/WARN]: UUID of added entity already exists: bxe['Piglin'/40, l='ServerLevel[world]', x=659.50, y=5.00, z=508.50]
[01:14:29] [Server thread/INFO]: TioSkrollex[/127.54.56.198:35811] logged in with entity id 58 at (20.635224748049573, 173.0, 241.20669310554769)
[01:14:29] [Server thread/INFO]: TioSkrollex joined the game
[01:19:58] [Server thread/INFO]: Named entity bwk['Charged Bones'/554, l='ServerLevel[world]', x=290.73, y=122.00, z=490.71] died: Charged Bones was killed whilst fighting TioSkrollex
[01:22:09] [Server thread/INFO]: Danielcf37[/127.133.49.52:51263] logged in with entity id 762 at (20.162981682704583, 170.0, 274.0764892385137)
[01:22:09] [Server thread/INFO]: Danielcf37 joined the game
[01:23:17] [Server thread/WARN]: UUID of added entity already exists: buy['Glow Item Frame'/963, l='ServerLevel[world]', x=-53.50, y=171.03, z=283.50]
